d:\3dprograms\grafikahazicsomag\programs\skeleton\skeleton\release\vc141.pdb
d:\3dprograms\grafikahazicsomag\programs\skeleton\skeleton\release\framework.obj
d:\3dprograms\grafikahazicsomag\programs\skeleton\skeleton\release\skeleton.obj
d:\3dprograms\grafikahazicsomag\programs\skeleton\bin\skeleton.exe
d:\3dprograms\grafikahazicsomag\programs\skeleton\bin\skeleton.pdb
d:\3dprograms\grafikahazicsomag\programs\skeleton\bin\skeleton.ipdb
d:\3dprograms\grafikahazicsomag\programs\skeleton\bin\skeleton.iobj
e:\documents\4. félév\grafika\hf2\programs\skeleton\skeleton\release\framework.obj
e:\documents\4. félév\grafika\hf2\programs\skeleton\skeleton\release\skeleton.obj
e:\documents\4. félév\grafika\hf2\programs\skeleton\skeleton\release\vc120.pdb
e:\documents\4. félév\grafika\hf2\programs\skeleton\skeleton\release\vc141.pdb
e:\documents\4. félév\grafika\hf2\programs\skeleton\bin\skeleton.pdb
e:\documents\4. félév\grafika\hf2\programs\skeleton\bin\skeleton.exe
e:\documents\4. félév\grafika\hf2\programs\skeleton\skeleton\release\skeleton.tlog\cl.command.1.tlog
e:\documents\4. félév\grafika\hf2\programs\skeleton\skeleton\release\skeleton.tlog\cl.read.1.tlog
e:\documents\4. félév\grafika\hf2\programs\skeleton\skeleton\release\skeleton.tlog\cl.write.1.tlog
e:\documents\4. félév\grafika\hf2\programs\skeleton\skeleton\release\skeleton.tlog\link.command.1.tlog
e:\documents\4. félév\grafika\hf2\programs\skeleton\skeleton\release\skeleton.tlog\link.read.1.tlog
e:\documents\4. félév\grafika\hf2\programs\skeleton\skeleton\release\skeleton.tlog\link.write.1.tlog
e:\documents\4. félév\grafika\hf2\programs\skeleton\skeleton\release\skeleton.tlog\skeleton.write.1u.tlog
